# JRE version: OpenJDK Runtime Environment (8.0_242-b01) (build 1.8.0_242-release-1644-b01)
# Java VM: OpenJDK 64-Bit Server VM (25.242-b01 mixed mode windows-amd64 compressed oops)
Heap:
 PSYoungGen      total 618496K, used 105682K [0x00000000d5580000, 0x00000000ffe00000, 0x0000000100000000)
  eden space 546816K, 16% used [0x00000000d5580000,0x00000000daffa828,0x00000000f6b80000)
  from space 71680K, 18% used [0x00000000faf00000,0x00000000fbbb9ff8,0x00000000ff500000)
  to   space 69120K, 0% used [0x00000000f6b80000,0x00000000f6b80000,0x00000000faf00000)
 ParOldGen       total 372224K, used 308940K [0x0000000080000000, 0x0000000096b80000, 0x00000000d5580000)
  object space 372224K, 82% used [0x0000000080000000,0x0000000092db3058,0x0000000096b80000)
 Metaspace       used 296489K, capacity 312797K, committed 315800K, reserved 1323008K
  class space    used 37876K, capacity 40781K, committed 41648K, reserved 1048576K
GC Heap History (10 events):
Event: 32785.647 GC heap before
{Heap before GC invocations=229 (full 15):
 PSYoungGen      total 597504K, used 526958K [0x00000000d5580000, 0x00000000ff780000, 0x0000000100000000)
  eden space 514560K, 100% used [0x00000000d5580000,0x00000000f4c00000,0x00000000f4c00000)
  from space 82944K, 14% used [0x00000000f4c00000,0x00000000f581b930,0x00000000f9d00000)
  to   space 79872K, 0% used [0x00000000fa980000,0x00000000fa980000,0x00000000ff780000)
 ParOldGen       total 372224K, used 275662K [0x0000000080000000, 0x0000000096b80000, 0x00000000d5580000)
  object space 372224K, 74% used [0x0000000080000000,0x0000000090d33b68,0x0000000096b80000)
 Metaspace       used 296484K, capacity 312797K, committed 315800K, reserved 1323008K
  class space    used 37876K, capacity 40781K, committed 41648K, reserved 1048576K
Event: 32786.460 GC heap after
Heap after GC invocations=229 (full 15):
 PSYoungGen      total 612352K, used 16586K [0x00000000d5580000, 0x00000000ff600000, 0x0000000100000000)
  eden space 534016K, 0% used [0x00000000d5580000,0x00000000d5580000,0x00000000f5f00000)
  from space 78336K, 21% used [0x00000000fa980000,0x00000000fb9b2bd0,0x00000000ff600000)
  to   space 76288K, 0% used [0x00000000f5f00000,0x00000000f5f00000,0x00000000fa980000)
 ParOldGen       total 372224K, used 280159K [0x0000000080000000, 0x0000000096b80000, 0x00000000d5580000)
  object space 372224K, 75% used [0x0000000080000000,0x0000000091197ed0,0x0000000096b80000)
 Metaspace       used 296484K, capacity 312797K, committed 315800K, reserved 1323008K
  class space    used 37876K, capacity 40781K, committed 41648K, reserved 1048576K
}
Event: 32792.174 GC heap before
{Heap before GC invocations=230 (full 15):
 PSYoungGen      total 612352K, used 550602K [0x00000000d5580000, 0x00000000ff600000, 0x0000000100000000)
  eden space 534016K, 100% used [0x00000000d5580000,0x00000000f5f00000,0x00000000f5f00000)
  from space 78336K, 21% used [0x00000000fa980000,0x00000000fb9b2bd0,0x00000000ff600000)
  to   space 76288K, 0% used [0x00000000f5f00000,0x00000000f5f00000,0x00000000fa980000)
 ParOldGen       total 372224K, used 280159K [0x0000000080000000, 0x0000000096b80000, 0x00000000d5580000)
  object space 372224K, 75% used [0x0000000080000000,0x0000000091197ed0,0x0000000096b80000)
 Metaspace       used 296484K, capacity 312797K, committed 315800K, reserved 1323008K
  class space    used 37876K, capacity 40781K, committed 41648K, reserved 1048576K
Event: 32792.505 GC heap after
Heap after GC invocations=230 (full 15):
 PSYoungGen      total 610304K, used 21161K [0x00000000d5580000, 0x00000000ff500000, 0x0000000100000000)
  eden space 534016K, 0% used [0x00000000d5580000,0x00000000d5580000,0x00000000f5f00000)
  from space 76288K, 27% used [0x00000000f5f00000,0x00000000f73aa5f0,0x00000000fa980000)
  to   space 71680K, 0% used [0x00000000faf00000,0x00000000faf00000,0x00000000ff500000)
 ParOldGen       total 372224K, used 284229K [0x0000000080000000, 0x0000000096b80000, 0x00000000d5580000)
  object space 372224K, 76% used [0x0000000080000000,0x00000000915916f0,0x0000000096b80000)
 Metaspace       used 296484K, capacity 312797K, committed 315800K, reserved 1323008K
  class space    used 37876K, capacity 40781K, committed 41648K, reserved 1048576K
}
Event: 32799.122 GC heap before
{Heap before GC invocations=231 (full 15):
 PSYoungGen      total 610304K, used 555177K [0x00000000d5580000, 0x00000000ff500000, 0x0000000100000000)
  eden space 534016K, 100% used [0x00000000d5580000,0x00000000f5f00000,0x00000000f5f00000)
  from space 76288K, 27% used [0x00000000f5f00000,0x00000000f73aa5f0,0x00000000fa980000)
  to   space 71680K, 0% used [0x00000000faf00000,0x00000000faf00000,0x00000000ff500000)
 ParOldGen       total 372224K, used 284229K [0x0000000080000000, 0x0000000096b80000, 0x00000000d5580000)
  object space 372224K, 76% used [0x0000000080000000,0x00000000915916f0,0x0000000096b80000)
 Metaspace       used 296486K, capacity 312797K, committed 315800K, reserved 1323008K
  class space    used 37876K, capacity 40781K, committed 41648K, reserved 1048576K
Event: 32799.632 GC heap after
Heap after GC invocations=231 (full 15):
 PSYoungGen      total 619008K, used 15932K [0x00000000d5580000, 0x00000000ff580000, 0x0000000100000000)
  eden space 547328K, 0% used [0x00000000d5580000,0x00000000d5580000,0x00000000f6c00000)
  from space 71680K, 22% used [0x00000000faf00000,0x00000000fbe8f248,0x00000000ff500000)
  to   space 68608K, 0% used [0x00000000f6c00000,0x00000000f6c00000,0x00000000faf00000)
 ParOldGen       total 372224K, used 288049K [0x0000000080000000, 0x0000000096b80000, 0x00000000d5580000)
  object space 372224K, 77% used [0x0000000080000000,0x000000009194c5f0,0x0000000096b80000)
 Metaspace       used 296486K, capacity 312797K, committed 315800K, reserved 1323008K
  class space    used 37876K, capacity 40781K, committed 41648K, reserved 1048576K
}
Event: 32803.956 GC heap before
{Heap before GC invocations=232 (full 15):
 PSYoungGen      total 619008K, used 563260K [0x00000000d5580000, 0x00000000ff580000, 0x0000000100000000)
  eden space 547328K, 100% used [0x00000000d5580000,0x00000000f6c00000,0x00000000f6c00000)
  from space 71680K, 22% used [0x00000000faf00000,0x00000000fbe8f248,0x00000000ff500000)
  to   space 68608K, 0% used [0x00000000f6c00000,0x00000000f6c00000,0x00000000faf00000)
 ParOldGen       total 372224K, used 288049K [0x0000000080000000, 0x0000000096b80000, 0x00000000d5580000)
  object space 372224K, 77% used [0x0000000080000000,0x000000009194c5f0,0x0000000096b80000)
 Metaspace       used 296488K, capacity 312797K, committed 315800K, reserved 1323008K
  class space    used 37876K, capacity 40781K, committed 41648K, reserved 1048576K
Event: 32805.378 GC heap after
Heap after GC invocations=232 (full 15):
 PSYoungGen      total 615936K, used 43945K [0x00000000d5580000, 0x00000000ff580000, 0x0000000100000000)
  eden space 547328K, 0% used [0x00000000d5580000,0x00000000d5580000,0x00000000f6c00000)
  from space 68608K, 64% used [0x00000000f6c00000,0x00000000f96ea5a8,0x00000000faf00000)
  to   space 71680K, 0% used [0x00000000faf00000,0x00000000faf00000,0x00000000ff500000)
 ParOldGen       total 372224K, used 290795K [0x0000000080000000, 0x0000000096b80000, 0x00000000d5580000)
  object space 372224K, 78% used [0x0000000080000000,0x0000000091bfaf08,0x0000000096b80000)
 Metaspace       used 296488K, capacity 312797K, committed 315800K, reserved 1323008K
  class space    used 37876K, capacity 40781K, committed 41648K, reserved 1048576K
}
Event: 32806.894 GC heap before
{Heap before GC invocations=233 (full 15):
 PSYoungGen      total 615936K, used 591273K [0x00000000d5580000, 0x00000000ff580000, 0x0000000100000000)
  eden space 547328K, 100% used [0x00000000d5580000,0x00000000f6c00000,0x00000000f6c00000)
  from space 68608K, 64% used [0x00000000f6c00000,0x00000000f96ea5a8,0x00000000faf00000)
  to   space 71680K, 0% used [0x00000000faf00000,0x00000000faf00000,0x00000000ff500000)
 ParOldGen       total 372224K, used 290795K [0x0000000080000000, 0x0000000096b80000, 0x00000000d5580000)
  object space 372224K, 78% used [0x0000000080000000,0x0000000091bfaf08,0x0000000096b80000)
 Metaspace       used 296489K, capacity 312797K, committed 315800K, reserved 1323008K
  class space    used 37876K, capacity 40781K, committed 41648K, reserved 1048576K
Event: 32807.114 GC heap after
Heap after GC invocations=233 (full 15):
 PSYoungGen      total 618496K, used 13031K [0x00000000d5580000, 0x00000000ffe00000, 0x0000000100000000)
  eden space 546816K, 0% used [0x00000000d5580000,0x00000000d5580000,0x00000000f6b80000)
  from space 71680K, 18% used [0x00000000faf00000,0x00000000fbbb9ff8,0x00000000ff500000)
  to   space 69120K, 0% used [0x00000000f6b80000,0x00000000f6b80000,0x00000000faf00000)
 ParOldGen       total 372224K, used 308940K [0x0000000080000000, 0x0000000096b80000, 0x00000000d5580000)
  object space 372224K, 82% used [0x0000000080000000,0x0000000092db3058,0x0000000096b80000)
 Metaspace       used 296489K, capacity 312797K, committed 315800K, reserved 1323008K
  class space    used 37876K, capacity 40781K, committed 41648K, reserved 1048576K
}

