# JRE version: OpenJDK Runtime Environment (8.0_242-b01) (build 1.8.0_242-release-1644-b01)
# Java VM: OpenJDK 64-Bit Server VM (25.242-b01 mixed mode windows-amd64 compressed oops)
Heap:
 PSYoungGen      total 646656K, used 187171K [0x00000000d5580000, 0x0000000100000000, 0x0000000100000000)
  eden space 596480K, 28% used [0x00000000d5580000,0x00000000dface7a0,0x00000000f9c00000)
  from space 50176K, 35% used [0x00000000f9c00000,0x00000000fad7a4d8,0x00000000fcd00000)
  to   space 49152K, 0% used [0x00000000fd000000,0x00000000fd000000,0x0000000100000000)
 ParOldGen       total 196096K, used 86834K [0x0000000080000000, 0x000000008bf80000, 0x00000000d5580000)
  object space 196096K, 44% used [0x0000000080000000,0x00000000854cca20,0x000000008bf80000)
 Metaspace       used 114788K, capacity 122356K, committed 123460K, reserved 1157120K
  class space    used 14546K, capacity 15963K, committed 16304K, reserved 1048576K
GC Heap History (10 events):
Event: 6393.511 GC heap before
{Heap before GC invocations=40 (full 5):
 PSYoungGen      total 642560K, used 606015K [0x00000000d5580000, 0x00000000ffe80000, 0x0000000100000000)
  eden space 589312K, 100% used [0x00000000d5580000,0x00000000f9500000,0x00000000f9500000)
  from space 53248K, 31% used [0x00000000fc880000,0x00000000fd8cfd70,0x00000000ffc80000)
  to   space 52736K, 0% used [0x00000000f9500000,0x00000000f9500000,0x00000000fc880000)
 ParOldGen       total 196096K, used 86818K [0x0000000080000000, 0x000000008bf80000, 0x00000000d5580000)
  object space 196096K, 44% used [0x0000000080000000,0x00000000854c8a20,0x000000008bf80000)
 Metaspace       used 113768K, capacity 121096K, committed 123204K, reserved 1157120K
  class space    used 14477K, capacity 15840K, committed 16304K, reserved 1048576K
Event: 6393.957 GC heap after
Heap after GC invocations=40 (full 5):
 PSYoungGen      total 642048K, used 19158K [0x00000000d5580000, 0x00000000ffc80000, 0x0000000100000000)
  eden space 589312K, 0% used [0x00000000d5580000,0x00000000d5580000,0x00000000f9500000)
  from space 52736K, 36% used [0x00000000f9500000,0x00000000fa7b5aa0,0x00000000fc880000)
  to   space 51200K, 0% used [0x00000000fca80000,0x00000000fca80000,0x00000000ffc80000)
 ParOldGen       total 196096K, used 86818K [0x0000000080000000, 0x000000008bf80000, 0x00000000d5580000)
  object space 196096K, 44% used [0x0000000080000000,0x00000000854c8a20,0x000000008bf80000)
 Metaspace       used 113768K, capacity 121096K, committed 123204K, reserved 1157120K
  class space    used 14477K, capacity 15840K, committed 16304K, reserved 1048576K
}
Event: 6412.515 GC heap before
{Heap before GC invocations=41 (full 5):
 PSYoungGen      total 642048K, used 608470K [0x00000000d5580000, 0x00000000ffc80000, 0x0000000100000000)
  eden space 589312K, 100% used [0x00000000d5580000,0x00000000f9500000,0x00000000f9500000)
  from space 52736K, 36% used [0x00000000f9500000,0x00000000fa7b5aa0,0x00000000fc880000)
  to   space 51200K, 0% used [0x00000000fca80000,0x00000000fca80000,0x00000000ffc80000)
 ParOldGen       total 196096K, used 86818K [0x0000000080000000, 0x000000008bf80000, 0x00000000d5580000)
  object space 196096K, 44% used [0x0000000080000000,0x00000000854c8a20,0x000000008bf80000)
 Metaspace       used 113958K, capacity 121344K, committed 123204K, reserved 1157120K
  class space    used 14488K, capacity 15860K, committed 16304K, reserved 1048576K
Event: 6412.629 GC heap after
Heap after GC invocations=41 (full 5):
 PSYoungGen      total 644608K, used 21673K [0x00000000d5580000, 0x00000000ffb80000, 0x0000000100000000)
  eden space 594432K, 0% used [0x00000000d5580000,0x00000000d5580000,0x00000000f9a00000)
  from space 50176K, 43% used [0x00000000fca80000,0x00000000fdfaa438,0x00000000ffb80000)
  to   space 49664K, 0% used [0x00000000f9a00000,0x00000000f9a00000,0x00000000fca80000)
 ParOldGen       total 196096K, used 86826K [0x0000000080000000, 0x000000008bf80000, 0x00000000d5580000)
  object space 196096K, 44% used [0x0000000080000000,0x00000000854caa20,0x000000008bf80000)
 Metaspace       used 113958K, capacity 121344K, committed 123204K, reserved 1157120K
  class space    used 14488K, capacity 15860K, committed 16304K, reserved 1048576K
}
Event: 6453.689 GC heap before
{Heap before GC invocations=42 (full 5):
 PSYoungGen      total 644608K, used 616105K [0x00000000d5580000, 0x00000000ffb80000, 0x0000000100000000)
  eden space 594432K, 100% used [0x00000000d5580000,0x00000000f9a00000,0x00000000f9a00000)
  from space 50176K, 43% used [0x00000000fca80000,0x00000000fdfaa438,0x00000000ffb80000)
  to   space 49664K, 0% used [0x00000000f9a00000,0x00000000f9a00000,0x00000000fca80000)
 ParOldGen       total 196096K, used 86826K [0x0000000080000000, 0x000000008bf80000, 0x00000000d5580000)
  object space 196096K, 44% used [0x0000000080000000,0x00000000854caa20,0x000000008bf80000)
 Metaspace       used 114326K, capacity 121732K, committed 123204K, reserved 1157120K
  class space    used 14512K, capacity 15902K, committed 16304K, reserved 1048576K
Event: 6453.852 GC heap after
Heap after GC invocations=42 (full 5):
 PSYoungGen      total 644096K, used 22820K [0x00000000d5580000, 0x00000000ffb80000, 0x0000000100000000)
  eden space 594432K, 0% used [0x00000000d5580000,0x00000000d5580000,0x00000000f9a00000)
  from space 49664K, 45% used [0x00000000f9a00000,0x00000000fb049308,0x00000000fca80000)
  to   space 47616K, 0% used [0x00000000fcd00000,0x00000000fcd00000,0x00000000ffb80000)
 ParOldGen       total 196096K, used 86834K [0x0000000080000000, 0x000000008bf80000, 0x00000000d5580000)
  object space 196096K, 44% used [0x0000000080000000,0x00000000854cca20,0x000000008bf80000)
 Metaspace       used 114326K, capacity 121732K, committed 123204K, reserved 1157120K
  class space    used 14512K, capacity 15902K, committed 16304K, reserved 1048576K
}
Event: 6459.352 GC heap before
{Heap before GC invocations=43 (full 5):
 PSYoungGen      total 644096K, used 617252K [0x00000000d5580000, 0x00000000ffb80000, 0x0000000100000000)
  eden space 594432K, 100% used [0x00000000d5580000,0x00000000f9a00000,0x00000000f9a00000)
  from space 49664K, 45% used [0x00000000f9a00000,0x00000000fb049308,0x00000000fca80000)
  to   space 47616K, 0% used [0x00000000fcd00000,0x00000000fcd00000,0x00000000ffb80000)
 ParOldGen       total 196096K, used 86834K [0x0000000080000000, 0x000000008bf80000, 0x00000000d5580000)
  object space 196096K, 44% used [0x0000000080000000,0x00000000854cca20,0x000000008bf80000)
 Metaspace       used 114634K, capacity 122108K, committed 123204K, reserved 1157120K
  class space    used 14534K, capacity 15942K, committed 16304K, reserved 1048576K
Event: 6459.466 GC heap after
Heap after GC invocations=43 (full 5):
 PSYoungGen      total 644096K, used 38484K [0x00000000d5580000, 0x0000000100000000, 0x0000000100000000)
  eden space 596480K, 0% used [0x00000000d5580000,0x00000000d5580000,0x00000000f9c00000)
  from space 47616K, 80% used [0x00000000fcd00000,0x00000000ff295160,0x00000000ffb80000)
  to   space 50176K, 0% used [0x00000000f9c00000,0x00000000f9c00000,0x00000000fcd00000)
 ParOldGen       total 196096K, used 86834K [0x0000000080000000, 0x000000008bf80000, 0x00000000d5580000)
  object space 196096K, 44% used [0x0000000080000000,0x00000000854cca20,0x000000008bf80000)
 Metaspace       used 114634K, capacity 122108K, committed 123204K, reserved 1157120K
  class space    used 14534K, capacity 15942K, committed 16304K, reserved 1048576K
}
Event: 6608.836 GC heap before
{Heap before GC invocations=44 (full 5):
 PSYoungGen      total 644096K, used 634964K [0x00000000d5580000, 0x0000000100000000, 0x0000000100000000)
  eden space 596480K, 100% used [0x00000000d5580000,0x00000000f9c00000,0x00000000f9c00000)
  from space 47616K, 80% used [0x00000000fcd00000,0x00000000ff295160,0x00000000ffb80000)
  to   space 50176K, 0% used [0x00000000f9c00000,0x00000000f9c00000,0x00000000fcd00000)
 ParOldGen       total 196096K, used 86834K [0x0000000080000000, 0x000000008bf80000, 0x00000000d5580000)
  object space 196096K, 44% used [0x0000000080000000,0x00000000854cca20,0x000000008bf80000)
 Metaspace       used 114771K, capacity 122286K, committed 123460K, reserved 1157120K
  class space    used 14546K, capacity 15961K, committed 16304K, reserved 1048576K
Event: 6610.421 GC heap after
Heap after GC invocations=44 (full 5):
 PSYoungGen      total 646656K, used 17897K [0x00000000d5580000, 0x0000000100000000, 0x0000000100000000)
  eden space 596480K, 0% used [0x00000000d5580000,0x00000000d5580000,0x00000000f9c00000)
  from space 50176K, 35% used [0x00000000f9c00000,0x00000000fad7a4d8,0x00000000fcd00000)
  to   space 49152K, 0% used [0x00000000fd000000,0x00000000fd000000,0x0000000100000000)
 ParOldGen       total 196096K, used 86834K [0x0000000080000000, 0x000000008bf80000, 0x00000000d5580000)
  object space 196096K, 44% used [0x0000000080000000,0x00000000854cca20,0x000000008bf80000)
 Metaspace       used 114771K, capacity 122286K, committed 123460K, reserved 1157120K
  class space    used 14546K, capacity 15961K, committed 16304K, reserved 1048576K
}

